<?xml version="1.0" encoding="UTF-8"?>
<!-- Generated by org.testng.reporters.JUnitReportReporter -->
<testsuite hostname="DESKTOP-SL72NKE" failures="0" tests="2" name="api_tests.PetStoreAPI_Tests" time="6.166" errors="0" timestamp="2023-09-26T13:22:26 CDT" skipped="0">
  <testcase classname="api_tests.PetStoreAPI_Tests" name="create_A_Pet" time="5.224"/>
  <testcase classname="api_tests.PetStoreAPI_Tests" name="getApetByID" time="0.942"/>
</testsuite> <!-- api_tests.PetStoreAPI_Tests -->
