<?xml version="1.0" encoding="UTF-8"?>
<!-- Generated by org.testng.reporters.JUnitReportReporter -->
<testsuite hostname="DESKTOP-SL72NKE" failures="0" tests="6" name="api_tests.PetStoreAPI_Tests" time="6.314" errors="0" timestamp="2023-10-03T19:28:27 CDT" skipped="0">
  <testcase classname="api_tests.PetStoreAPI_Tests" name="getApetByID" time="0.522"/>
  <testcase classname="api_tests.PetStoreAPI_Tests" name="invalidGetPetByID" time="0.395"/>
  <testcase classname="api_tests.PetStoreAPI_Tests" name="update_a_pet" time="0.461"/>
  <testcase classname="api_tests.PetStoreAPI_Tests" name="delete_a_pet" time="0.392"/>
  <testcase classname="api_tests.PetStoreAPI_Tests" name="create_A_Pet" time="3.797"/>
  <testcase classname="api_tests.PetStoreAPI_Tests" name="getPetsByStatus" time="0.747"/>
</testsuite> <!-- api_tests.PetStoreAPI_Tests -->
