<?xml version="1.0" encoding="UTF-8"?>
<!-- Generated by org.testng.reporters.JUnitReportReporter -->
<testsuite hostname="DESKTOP-SL72NKE" failures="0" tests="2" name="api_tests.PetStoreUser_API_Tests" time="3.517" errors="0" timestamp="2023-09-28T17:49:06 CDT" skipped="0">
  <testcase classname="api_tests.PetStoreUser_API_Tests" name="create_a_user" time="2.956"/>
  <testcase classname="api_tests.PetStoreUser_API_Tests" name="update_a_user" time="0.561"/>
</testsuite> <!-- api_tests.PetStoreUser_API_Tests -->
