<?xml version="1.0" encoding="UTF-8"?>
<!-- Generated by org.testng.reporters.JUnitReportReporter -->
<testsuite hostname="DESKTOP-SL72NKE" failures="0" tests="5" name="api_tests.CreaterCustomerAPI" time="8.044" errors="0" timestamp="2023-09-28T20:35:43 CDT" skipped="0">
  <testcase classname="api_tests.CreaterCustomerAPI" name="list_of_customers" time="2.755"/>
  <testcase classname="api_tests.CreaterCustomerAPI" name="update_a_customer_by_id" time="0.592"/>
  <testcase classname="api_tests.CreaterCustomerAPI" name="crater_login" time="3.623"/>
  <testcase classname="api_tests.CreaterCustomerAPI" name="get_a_customer_by_id" time="0.464"/>
  <testcase classname="api_tests.CreaterCustomerAPI" name="create_a_customer" time="0.610"/>
</testsuite> <!-- api_tests.CreaterCustomerAPI -->
