<?xml version="1.0" encoding="UTF-8"?>
<!-- Generated by org.testng.reporters.JUnitReportReporter -->
<testsuite hostname="DESKTOP-SL72NKE" failures="0" tests="5" name="api_tests.CraterApiTests" time="5.229" errors="0" timestamp="2023-09-26T23:39:56 CDT" skipped="0">
  <testcase classname="api_tests.CraterApiTests" name="delete_the_item" time="0.348"/>
  <testcase classname="api_tests.CraterApiTests" name="login" time="3.476"/>
  <testcase classname="api_tests.CraterApiTests" name="create_an_item" time="0.741"/>
  <testcase classname="api_tests.CraterApiTests" name="logout" time="0.342"/>
  <testcase classname="api_tests.CraterApiTests" name="fakerTest" time="0.322"/>
</testsuite> <!-- api_tests.CraterApiTests -->
